[debug] [2022-04-07T23:20:52.196Z] ----------------------------------------------------------------------
[debug] [2022-04-07T23:20:52.198Z] Command:       C:\Program Files\nodejs\node.exe C:\Users\kkjin\AppData\Roaming\npm\node_modules\firebase-tools\lib\bin\firebase.js init
[debug] [2022-04-07T23:20:52.198Z] CLI Version:   10.6.0
[debug] [2022-04-07T23:20:52.198Z] Platform:      win32
[debug] [2022-04-07T23:20:52.198Z] Node Version:  v16.14.2
[debug] [2022-04-07T23:20:52.199Z] Time:          Thu Apr 07 2022 16:20:52 GMT-0700 (Pacific Daylight Saving Time)
[debug] [2022-04-07T23:20:52.199Z] ----------------------------------------------------------------------
[debug] 
[debug] [2022-04-07T23:20:52.250Z] > command requires scopes: ["email","openid","https://www.googleapis.com/auth/cloudplatformprojects.readonly","https://www.googleapis.com/auth/firebase","https://www.googleapis.com/auth/cloud-platform"]
[debug] [2022-04-07T23:20:52.251Z] > authorizing via signed-in user (kkjin0330@gmail.com)
[info] 
     ######## #### ########  ######## ########     ###     ######  ########
     ##        ##  ##     ## ##       ##     ##  ##   ##  ##       ##
     ######    ##  ########  ######   ########  #########  ######  ######
     ##        ##  ##    ##  ##       ##     ## ##     ##       ## ##
     ##       #### ##     ## ######## ########  ##     ##  ######  ########

You're about to initialize a Firebase project in this directory:

  C:\Users\kkjin\OneDrive\Documents\GitHub\1800_202210_DTC02

Before we get started, keep in mind:

  * You are initializing within an existing Firebase project directory

